   Compiling pregen v0.0.1 (C:\Users\assassin\Development\Pregen)
warning: unused import: `cubemap::Cubemap`
  --> src\gfx\primitives\mod.rs:16:9
   |
16 | pub use cubemap::Cubemap;
   |         ^^^^^^^^^^^^^^^^
   |
   = note: `#[warn(unused_imports)]` on by default

warning: unused import: `Buffer`
 --> src\gfx\mesh.rs:1:13
  |
1 | use super::{Buffer, Geometry, Material};
  |             ^^^^^^

warning: unused import: `mesh::Mesh`
  --> src\gfx\mod.rs:14:9
   |
14 | pub use mesh::Mesh;
   |         ^^^^^^^^^^

warning: unused import: `CameraDescriptor`
  --> src\gfx\mod.rs:17:26
   |
17 | pub use camera::{Camera, CameraDescriptor, CameraProjection};
   |                          ^^^^^^^^^^^^^^^^

warning: associated functions `new`, `create_triangle`, and `from_points` are never used
  --> src\gfx\primitives\vertex.rs:45:12
   |
17 | impl Vertex {
   | ----------- associated functions in this implementation
...
45 |     pub fn new(position: Vec3, normal: Vec3, color: Vec3, uv: Vec2) -> Self {
   |            ^^^
...
54 |     pub fn create_triangle(points: [Vec3; 3], normal: Vec3, uv: [Vec2; 3]) -> [Self; 3] {
   |            ^^^^^^^^^^^^^^^
...
63 |     pub fn from_points(points: [Vec3; 3], uv: [Vec2; 3]) -> [Self; 3] {
   |            ^^^^^^^^^^^
   |
   = note: `#[warn(dead_code)]` on by default

warning: fields `sampler`, `texture`, and `view` are never read
  --> src\gfx\primitives\cubemap.rs:9:9
   |
4  | pub struct Cubemap {
   |            ------- fields in this struct
...
9  |     pub sampler: wgpu::Sampler,
   |         ^^^^^^^
10 |     pub texture: wgpu::Texture,
   |         ^^^^^^^
11 |     pub view: wgpu::TextureView,
   |         ^^^^

warning: associated function `new` is never used
  --> src\gfx\primitives\cubemap.rs:15:12
   |
14 | impl Cubemap {
   | ------------ associated function in this implementation
15 |     pub fn new(device: &Device, queue: &Queue, name: Option<&str>, format: TextureFormat, width: u32, height: u32, faces: [Vec<u8>; 6]) -...
   |            ^^^

warning: fields `texture`, `sampler`, and `view` are never read
  --> src\gfx\primitives\texture.rs:15:9
   |
9  | pub struct Texture {
   |            ------- fields in this struct
...
15 |     pub texture: wgpu::Texture,
   |         ^^^^^^^
16 |     pub sampler: wgpu::Sampler,
   |         ^^^^^^^
17 |     pub view: wgpu::TextureView,
   |         ^^^^

warning: method `write` is never used
  --> src\gfx\primitives\texture.rs:99:12
   |
20 | impl Texture {
   | ------------ method in this implementation
...
99 |     pub fn write(&mut self, queue: &Queue, level: u32, data: Vec<u8>) {
   |            ^^^^^

warning: associated functions `new_normal_map`, `new_diffuse_map`, and `from_path` are never used
   --> src\gfx\primitives\texture.rs:143:12
    |
138 | impl Texture {
    | ------------ associated functions in this implementation
...
143 |     pub fn new_normal_map(device: &Device, queue: &Queue, name: Option<&str>, mip_levels: u32, data: Vec<u8>) -> Self {
    |            ^^^^^^^^^^^^^^
...
147 |     pub fn new_diffuse_map(device: &Device, queue: &Queue, name: Option<&str>, mip_levels: u32, data: Vec<u8>) -> Self {
    |            ^^^^^^^^^^^^^^^
...
151 |     pub fn from_path(device: &Device, queue: &Queue, name: Option<&str>, mip_levels: u32, format: TextureFormat, path: &str) -> Self {
    |            ^^^^^^^^^

warning: trait `PipelineState` is never used
 --> src\gfx\primitives\pipeline.rs:1:11
  |
1 | pub trait PipelineState {
  |           ^^^^^^^^^^^^^

warning: struct `Pipeline` is never constructed
 --> src\gfx\primitives\pipeline.rs:5:12
  |
5 | pub struct Pipeline<T: PipelineState> {
  |            ^^^^^^^^

warning: method `update` is never used
  --> src\gfx\primitives\geometry.rs:39:12
   |
14 | impl Geometry {
   | ------------- method in this implementation
...
39 |     pub fn update(&mut self, device: &Device, vertices: Vec<Vertex>, indices: Vec<u32>) {
   |            ^^^^^^

warning: associated constants `TRIANGLE` and `QUAD` are never used
   --> src\gfx\primitives\geometry.rs:79:15
    |
72  | impl Geometry {
    | ------------- associated constants in this implementation
...
79  |     pub const TRIANGLE: Primitive = (
    |               ^^^^^^^^
...
105 |     pub const QUAD: Primitive = (
    |               ^^^^

warning: struct `Mesh` is never constructed
 --> src\gfx\mesh.rs:3:12
  |
3 | pub struct Mesh {
  |            ^^^^

warning: associated function `new` is never used
  --> src\gfx\mesh.rs:11:12
   |
10 | impl Mesh {
   | --------- associated function in this implementation
11 |     pub fn new() {
   |            ^^^

warning: fields `adapter` and `instance` are never read
 --> src\gfx\context.rs:7:9
  |
4 | pub struct RenderContext {
  |            ------------- fields in this struct
...
7 |     pub adapter: wgpu::Adapter,
  |         ^^^^^^^
8 |     pub instance: wgpu::Instance,
  |         ^^^^^^^^
  |
  = note: `RenderContext` has a derived impl for the trait `Debug`, but this is intentionally ignored during dead code analysis

warning: struct `Material` is never constructed
 --> src\gfx\material.rs:4:12
  |
4 | pub struct Material {
  |            ^^^^^^^^

warning: associated function `new` is never used
  --> src\gfx\material.rs:13:12
   |
12 | impl Material {
   | ------------- associated function in this implementation
13 |     pub fn new() {
   |            ^^^

warning: enum `WindowEvent` is never used
 --> src\window\event.rs:1:10
  |
1 | pub enum WindowEvent {
  |          ^^^^^^^^^^^

warning: struct `Window` is never constructed
 --> src\window\window.rs:1:12
  |
1 | pub struct Window {
  |            ^^^^^^

warning: associated function `new` is never used
 --> src\window\window.rs:6:12
  |
5 | impl Window {
  | ----------- associated function in this implementation
6 |     pub fn new() {}
  |            ^^^

warning: `pregen` (bin "pregen") generated 22 warnings (run `cargo fix --bin "pregen"` to apply 4 suggestions)
    Finished `dev` profile [unoptimized + debuginfo] target(s) in 2.67s
     Running `target\debug\pregen.exe`
[2024-09-08T22:36:17Z INFO  wgpu_hal::vulkan::instance] GENERAL [Loader Message (0x0)]
    	Checking for Layer Manifest files in Registry at HKEY_LOCAL_MACHINE\SOFTWARE\Khronos\Vulkan\ImplicitLayers
[2024-09-08T22:36:17Z INFO  wgpu_hal::vulkan::instance] 	objects: (type: INSTANCE, hndl: 0x245e02a2e80, name: ?)
[2024-09-08T22:36:17Z INFO  wgpu_hal::vulkan::instance] GENERAL [Loader Message (0x0)]
    	windows_add_json_entry: Located json file "C:\Windows\System32\DriverStore\FileRepository\nvmdui.inf_amd64_971eb59572f5d1ef\nv-vk64.json" from PnP registry: E
[2024-09-08T22:36:17Z INFO  wgpu_hal::vulkan::instance] 	objects: (type: INSTANCE, hndl: 0x245e02a2e80, name: ?)
[2024-09-08T22:36:17Z INFO  wgpu_hal::vulkan::instance] GENERAL [Loader Message (0x0)]
    	Located json file "C:\ProgramData\obs-studio-hook\obs-vulkan64.json" from registry "HKEY_LOCAL_MACHINE\SOFTWARE\Khronos\Vulkan\ImplicitLayers"
[2024-09-08T22:36:17Z INFO  wgpu_hal::vulkan::instance] 	objects: (type: INSTANCE, hndl: 0x245e02a2e80, name: ?)
[2024-09-08T22:36:17Z INFO  wgpu_hal::vulkan::instance] GENERAL [Loader Message (0x0)]
    	Located json file "C:\Program Files\RenderDoc\renderdoc.json" from registry "HKEY_LOCAL_MACHINE\SOFTWARE\Khronos\Vulkan\ImplicitLayers"
[2024-09-08T22:36:17Z INFO  wgpu_hal::vulkan::instance] 	objects: (type: INSTANCE, hndl: 0x245e02a2e80, name: ?)
[2024-09-08T22:36:17Z INFO  wgpu_hal::vulkan::instance] GENERAL [Loader Message (0x0)]
    	Located json file "C:\Program Files\NVIDIA Corporation\Nsight Graphics 2024.1.0\target\windows-desktop-nomad-x64\VK_LAYER_NV_nomad_release_public_2024_1_0.json" from registry "HKEY_LOCAL_MACHINE\SOFTWARE\Khronos\Vulkan\ImplicitLayers"
[2024-09-08T22:36:17Z INFO  wgpu_hal::vulkan::instance] 	objects: (type: INSTANCE, hndl: 0x245e02a2e80, name: ?)
[2024-09-08T22:36:17Z INFO  wgpu_hal::vulkan::instance] GENERAL [Loader Message (0x0)]
    	Located json file "C:\Program Files\NVIDIA Corporation\Nsight Graphics 2024.1.0\target\windows-desktop-nomad-x64\VK_LAYER_NV_GPU_Trace_release_public_2024_1_0.json" from registry "HKEY_LOCAL_MACHINE\SOFTWARE\Khronos\Vulkan\ImplicitLayers"
[2024-09-08T22:36:17Z INFO  wgpu_hal::vulkan::instance] 	objects: (type: INSTANCE, hndl: 0x245e02a2e80, name: ?)
[2024-09-08T22:36:17Z INFO  wgpu_hal::vulkan::instance] GENERAL [Loader Message (0x0)]
    	Located json file "C:\Program Files (x86)\Steam\SteamOverlayVulkanLayer64.json" from registry "HKEY_LOCAL_MACHINE\SOFTWARE\Khronos\Vulkan\ImplicitLayers"
[2024-09-08T22:36:17Z INFO  wgpu_hal::vulkan::instance] 	objects: (type: INSTANCE, hndl: 0x245e02a2e80, name: ?)
[2024-09-08T22:36:17Z INFO  wgpu_hal::vulkan::instance] GENERAL [Loader Message (0x0)]
    	Located json file "C:\Program Files (x86)\Steam\SteamFossilizeVulkanLayer64.json" from registry "HKEY_LOCAL_MACHINE\SOFTWARE\Khronos\Vulkan\ImplicitLayers"
[2024-09-08T22:36:17Z INFO  wgpu_hal::vulkan::instance] 	objects: (type: INSTANCE, hndl: 0x245e02a2e80, name: ?)
[2024-09-08T22:36:17Z INFO  wgpu_hal::vulkan::instance] GENERAL [Loader Message (0x0)]
    	Found manifest file C:\Windows\System32\DriverStore\FileRepository\nvmdui.inf_amd64_971eb59572f5d1ef\nv-vk64.json (file version 1.0.0)
[2024-09-08T22:36:17Z INFO  wgpu_hal::vulkan::instance] 	objects: (type: INSTANCE, hndl: 0x245e02a2e80, name: ?)
[2024-09-08T22:36:17Z WARN  wgpu_hal::vulkan::instance] GENERAL [Loader Message (0x0)]
    	loader_add_layer_properties: 'layers' tag not supported until file version 1.0.1, but C:\Windows\System32\DriverStore\FileRepository\nvmdui.inf_amd64_971eb59572f5d1ef\nv-vk64.json is reporting version 1
[2024-09-08T22:36:17Z WARN  wgpu_hal::vulkan::instance] 	objects: (type: INSTANCE, hndl: 0x245e02a2e80, name: ?)
[2024-09-08T22:36:17Z INFO  wgpu_hal::vulkan::instance] GENERAL [Loader Message (0x0)]
    	Found manifest file C:\ProgramData\obs-studio-hook\obs-vulkan64.json (file version 1.1.2)
[2024-09-08T22:36:17Z INFO  wgpu_hal::vulkan::instance] 	objects: (type: INSTANCE, hndl: 0x245e02a2e80, name: ?)
[2024-09-08T22:36:17Z INFO  wgpu_hal::vulkan::instance] GENERAL [Loader Message (0x0)]
    	Found manifest file C:\Program Files\RenderDoc\renderdoc.json (file version 1.1.2)
[2024-09-08T22:36:17Z INFO  wgpu_hal::vulkan::instance] 	objects: (type: INSTANCE, hndl: 0x245e02a2e80, name: ?)
[2024-09-08T22:36:17Z INFO  wgpu_hal::vulkan::instance] GENERAL [Loader Message (0x0)]
    	Layer "VK_LAYER_RENDERDOC_Capture" using deprecated 'vkGetInstanceProcAddr' tag which was deprecated starting with JSON file version 1.1.0. The new vkNegotiateLoaderLayerInterfaceVersion function is preferred, though for compatibility reasons it may be desirable to continue using the deprecated tag.
[2024-09-08T22:36:17Z INFO  wgpu_hal::vulkan::instance] 	objects: (type: INSTANCE, hndl: 0x245e02a2e80, name: ?)
[2024-09-08T22:36:17Z INFO  wgpu_hal::vulkan::instance] GENERAL [Loader Message (0x0)]
    	Layer "VK_LAYER_RENDERDOC_Capture" using deprecated 'vkGetDeviceProcAddr' tag which was deprecated starting with JSON file version 1.1.0. The new vkNegotiateLoaderLayerInterfaceVersion function is preferred, though for compatibility reasons it may be desirable to continue using the deprecated tag.
[2024-09-08T22:36:17Z INFO  wgpu_hal::vulkan::instance] 	objects: (type: INSTANCE, hndl: 0x245e02a2e80, name: ?)
[2024-09-08T22:36:17Z INFO  wgpu_hal::vulkan::instance] GENERAL [Loader Message (0x0)]
    	Found manifest file C:\Program Files\NVIDIA Corporation\Nsight Graphics 2024.1.0\target\windows-desktop-nomad-x64\VK_LAYER_NV_nomad_release_public_2024_1_0.json (file version 1.1.0)
[2024-09-08T22:36:17Z INFO  wgpu_hal::vulkan::instance] 	objects: (type: INSTANCE, hndl: 0x245e02a2e80, name: ?)
[2024-09-08T22:36:17Z INFO  wgpu_hal::vulkan::instance] GENERAL [Loader Message (0x0)]
    	Layer "VK_LAYER_NV_nomad_release_public_2024_1_0" using deprecated 'vkGetInstanceProcAddr' tag which was deprecated starting with JSON file version 1.1.0. The new vkNegotiateLoaderLayerInterfaceVersion function is preferred, though for compatibility reasons it may be desirable to continue using the deprecated tag.
[2024-09-08T22:36:17Z INFO  wgpu_hal::vulkan::instance] 	objects: (type: INSTANCE, hndl: 0x245e02a2e80, name: ?)
[2024-09-08T22:36:17Z INFO  wgpu_hal::vulkan::instance] GENERAL [Loader Message (0x0)]
    	Layer "VK_LAYER_NV_nomad_release_public_2024_1_0" using deprecated 'vkGetDeviceProcAddr' tag which was deprecated starting with JSON file version 1.1.0. The new vkNegotiateLoaderLayerInterfaceVersion function is preferred, though for compatibility reasons it may be desirable to continue using the deprecated tag.
[2024-09-08T22:36:17Z INFO  wgpu_hal::vulkan::instance] 	objects: (type: INSTANCE, hndl: 0x245e02a2e80, name: ?)
[2024-09-08T22:36:17Z INFO  wgpu_hal::vulkan::instance] GENERAL [Loader Message (0x0)]
    	Found manifest file C:\Program Files\NVIDIA Corporation\Nsight Graphics 2024.1.0\target\windows-desktop-nomad-x64\VK_LAYER_NV_GPU_Trace_release_public_2024_1_0.json (file version 1.1.0)
[2024-09-08T22:36:17Z INFO  wgpu_hal::vulkan::instance] 	objects: (type: INSTANCE, hndl: 0x245e02a2e80, name: ?)
[2024-09-08T22:36:17Z INFO  wgpu_hal::vulkan::instance] GENERAL [Loader Message (0x0)]
    	Layer "VK_LAYER_NV_GPU_Trace_release_public_2024_1_0" using deprecated 'vkGetInstanceProcAddr' tag which was deprecated starting with JSON file version 1.1.0. The new vkNegotiateLoaderLayerInterfaceVersion function is preferred, though for compatibility reasons it may be desirable to continue using the deprecated tag.
[2024-09-08T22:36:17Z INFO  wgpu_hal::vulkan::instance] 	objects: (type: INSTANCE, hndl: 0x245e02a2e80, name: ?)
[2024-09-08T22:36:17Z INFO  wgpu_hal::vulkan::instance] GENERAL [Loader Message (0x0)]
    	Layer "VK_LAYER_NV_GPU_Trace_release_public_2024_1_0" using deprecated 'vkGetDeviceProcAddr' tag which was deprecated starting with JSON file version 1.1.0. The new vkNegotiateLoaderLayerInterfaceVersion function is preferred, though for compatibility reasons it may be desirable to continue using the deprecated tag.
[2024-09-08T22:36:17Z INFO  wgpu_hal::vulkan::instance] 	objects: (type: INSTANCE, hndl: 0x245e02a2e80, name: ?)
[2024-09-08T22:36:17Z INFO  wgpu_hal::vulkan::instance] GENERAL [Loader Message (0x0)]
    	Found manifest file C:\Program Files (x86)\Steam\SteamOverlayVulkanLayer64.json (file version 1.0.0)
[2024-09-08T22:36:17Z INFO  wgpu_hal::vulkan::instance] 	objects: (type: INSTANCE, hndl: 0x245e02a2e80, name: ?)
[2024-09-08T22:36:17Z INFO  wgpu_hal::vulkan::instance] GENERAL [Loader Message (0x0)]
    	Found manifest file C:\Program Files (x86)\Steam\SteamFossilizeVulkanLayer64.json (file version 1.0.0)
[2024-09-08T22:36:17Z INFO  wgpu_hal::vulkan::instance] 	objects: (type: INSTANCE, hndl: 0x245e02a2e80, name: ?)
[2024-09-08T22:36:17Z INFO  wgpu_hal::vulkan::instance] GENERAL [Loader Message (0x0)]
    	Checking for Layer Manifest files in Registry at HKEY_LOCAL_MACHINE\SOFTWARE\Khronos\Vulkan\ExplicitLayers
[2024-09-08T22:36:17Z INFO  wgpu_hal::vulkan::instance] 	objects: (type: INSTANCE, hndl: 0x245e02a2e80, name: ?)
[2024-09-08T22:36:17Z INFO  wgpu_hal::vulkan::instance] GENERAL [Loader Message (0x0)]
    	windows_get_device_registry_files: opening device ROOT\DISPLAY\0000
[2024-09-08T22:36:17Z INFO  wgpu_hal::vulkan::instance] 	objects: (type: INSTANCE, hndl: 0x245e02a2e80, name: ?)
[2024-09-08T22:36:17Z INFO  wgpu_hal::vulkan::instance] GENERAL [Loader Message (0x0)]
    	windows_get_device_registry_entry: Device ID(50) Does not contain a value for "VulkanExplicitLayers"
[2024-09-08T22:36:17Z INFO  wgpu_hal::vulkan::instance] 	objects: (type: INSTANCE, hndl: 0x245e02a2e80, name: ?)
[2024-09-08T22:36:17Z INFO  wgpu_hal::vulkan::instance] GENERAL [Loader Message (0x0)]
    	windows_get_device_registry_files: unable to open child-device error:13
[2024-09-08T22:36:17Z INFO  wgpu_hal::vulkan::instance] 	objects: (type: INSTANCE, hndl: 0x245e02a2e80, name: ?)
[2024-09-08T22:36:17Z INFO  wgpu_hal::vulkan::instance] GENERAL [Loader Message (0x0)]
    	windows_get_device_registry_files: opening device USB\VID_17E9&PID_4301&MI_01\a&e17f6a&0&0001
[2024-09-08T22:36:17Z INFO  wgpu_hal::vulkan::instance] 	objects: (type: INSTANCE, hndl: 0x245e02a2e80, name: ?)
[2024-09-08T22:36:17Z INFO  wgpu_hal::vulkan::instance] GENERAL [Loader Message (0x0)]
    	windows_get_device_registry_entry: Device ID(51) Does not contain a value for "VulkanExplicitLayers"
[2024-09-08T22:36:17Z INFO  wgpu_hal::vulkan::instance] 	objects: (type: INSTANCE, hndl: 0x245e02a2e80, name: ?)
[2024-09-08T22:36:17Z INFO  wgpu_hal::vulkan::instance] GENERAL [Loader Message (0x0)]
    	windows_get_device_registry_files: unable to open child-device error:13
[2024-09-08T22:36:17Z INFO  wgpu_hal::vulkan::instance] 	objects: (type: INSTANCE, hndl: 0x245e02a2e80, name: ?)
[2024-09-08T22:36:17Z INFO  wgpu_hal::vulkan::instance] GENERAL [Loader Message (0x0)]
    	windows_get_device_registry_files: opening device PCI\VEN_10DE&DEV_2684&SUBSYS_51021462&REV_A1\4&1d81e16&0&0019
[2024-09-08T22:36:17Z INFO  wgpu_hal::vulkan::instance] 	objects: (type: INSTANCE, hndl: 0x245e02a2e80, name: ?)
[2024-09-08T22:36:17Z INFO  wgpu_hal::vulkan::instance] GENERAL [Loader Message (0x0)]
    	windows_get_device_registry_entry: Device ID(47) Does not contain a value for "VulkanExplicitLayers"
[2024-09-08T22:36:17Z INFO  wgpu_hal::vulkan::instance] 	objects: (type: INSTANCE, hndl: 0x245e02a2e80, name: ?)
[2024-09-08T22:36:17Z INFO  wgpu_hal::vulkan::instance] GENERAL [Loader Message (0x0)]
    	windows_get_device_registry_files: Opening child device 52 - DISPLAY\GSM5B39\5&8819672&0&UID49408
[2024-09-08T22:36:17Z INFO  wgpu_hal::vulkan::instance] 	objects: (type: INSTANCE, hndl: 0x245e02a2e80, name: ?)
[2024-09-08T22:36:17Z INFO  wgpu_hal::vulkan::instance] GENERAL [Loader Message (0x0)]
    	windows_get_device_registry_files: Opening child device 53 - DISPLAY\BNQ7F83\5&8819672&0&UID49413
[2024-09-08T22:36:17Z INFO  wgpu_hal::vulkan::instance] 	objects: (type: INSTANCE, hndl: 0x245e02a2e80, name: ?)
[2024-09-08T22:36:17Z INFO  wgpu_hal::vulkan::instance] GENERAL [Loader Message (0x0)]
    	windows_get_device_registry_files: opening device USB\VID_17E9&PID_4301&MI_00\a&e17f6a&0&0000
[2024-09-08T22:36:17Z INFO  wgpu_hal::vulkan::instance] 	objects: (type: INSTANCE, hndl: 0x245e02a2e80, name: ?)
[2024-09-08T22:36:17Z INFO  wgpu_hal::vulkan::instance] GENERAL [Loader Message (0x0)]
    	windows_get_device_registry_entry: Device ID(49) Does not contain a value for "VulkanExplicitLayers"
[2024-09-08T22:36:17Z INFO  wgpu_hal::vulkan::instance] 	objects: (type: INSTANCE, hndl: 0x245e02a2e80, name: ?)
[2024-09-08T22:36:17Z INFO  wgpu_hal::vulkan::instance] GENERAL [Loader Message (0x0)]
    	windows_get_device_registry_files: Opening child device 54 - DISPLAY\GSM59F1\B&3ADFA4F5&0&UID256
[2024-09-08T22:36:17Z INFO  wgpu_hal::vulkan::instance] 	objects: (type: INSTANCE, hndl: 0x245e02a2e80, name: ?)
[2024-09-08T22:36:17Z INFO  wgpu_hal::vulkan::instance] GENERAL [Loader Message (0x0)]
    	windows_get_device_registry_files: found no registry files
[2024-09-08T22:36:17Z INFO  wgpu_hal::vulkan::instance] 	objects: (type: INSTANCE, hndl: 0x245e02a2e80, name: ?)
[2024-09-08T22:36:17Z INFO  wgpu_hal::vulkan::instance] GENERAL [Loader Message (0x0)]
    	Located json file "C:\VulkanSDK\1.3.275.0\Bin\VkLayer_api_dump.json" from registry "HKEY_LOCAL_MACHINE\SOFTWARE\Khronos\Vulkan\ExplicitLayers"
[2024-09-08T22:36:17Z INFO  wgpu_hal::vulkan::instance] 	objects: (type: INSTANCE, hndl: 0x245e02a2e80, name: ?)
[2024-09-08T22:36:17Z INFO  wgpu_hal::vulkan::instance] GENERAL [Loader Message (0x0)]
    	Located json file "C:\VulkanSDK\1.3.275.0\Bin\VkLayer_gfxreconstruct.json" from registry "HKEY_LOCAL_MACHINE\SOFTWARE\Khronos\Vulkan\ExplicitLayers"
[2024-09-08T22:36:17Z INFO  wgpu_hal::vulkan::instance] 	objects: (type: INSTANCE, hndl: 0x245e02a2e80, name: ?)
[2024-09-08T22:36:17Z INFO  wgpu_hal::vulkan::instance] GENERAL [Loader Message (0x0)]
    	Located json file "C:\VulkanSDK\1.3.275.0\Bin\VkLayer_khronos_synchronization2.json" from registry "HKEY_LOCAL_MACHINE\SOFTWARE\Khronos\Vulkan\ExplicitLayers"
[2024-09-08T22:36:17Z INFO  wgpu_hal::vulkan::instance] 	objects: (type: INSTANCE, hndl: 0x245e02a2e80, name: ?)
[2024-09-08T22:36:17Z INFO  wgpu_hal::vulkan::instance] GENERAL [Loader Message (0x0)]
    	Located json file "C:\VulkanSDK\1.3.275.0\Bin\VkLayer_khronos_validation.json" from registry "HKEY_LOCAL_MACHINE\SOFTWARE\Khronos\Vulkan\ExplicitLayers"
[2024-09-08T22:36:17Z INFO  wgpu_hal::vulkan::instance] 	objects: (type: INSTANCE, hndl: 0x245e02a2e80, name: ?)
[2024-09-08T22:36:17Z INFO  wgpu_hal::vulkan::instance] GENERAL [Loader Message (0x0)]
    	Located json file "C:\VulkanSDK\1.3.275.0\Bin\VkLayer_monitor.json" from registry "HKEY_LOCAL_MACHINE\SOFTWARE\Khronos\Vulkan\ExplicitLayers"
[2024-09-08T22:36:17Z INFO  wgpu_hal::vulkan::instance] 	objects: (type: INSTANCE, hndl: 0x245e02a2e80, name: ?)
[2024-09-08T22:36:17Z INFO  wgpu_hal::vulkan::instance] GENERAL [Loader Message (0x0)]
    	Located json file "C:\VulkanSDK\1.3.275.0\Bin\VkLayer_screenshot.json" from registry "HKEY_LOCAL_MACHINE\SOFTWARE\Khronos\Vulkan\ExplicitLayers"
[2024-09-08T22:36:17Z INFO  wgpu_hal::vulkan::instance] 	objects: (type: INSTANCE, hndl: 0x245e02a2e80, name: ?)
[2024-09-08T22:36:17Z INFO  wgpu_hal::vulkan::instance] GENERAL [Loader Message (0x0)]
    	Located json file "C:\VulkanSDK\1.3.275.0\Bin\VkLayer_khronos_profiles.json" from registry "HKEY_LOCAL_MACHINE\SOFTWARE\Khronos\Vulkan\ExplicitLayers"
[2024-09-08T22:36:17Z INFO  wgpu_hal::vulkan::instance] 	objects: (type: INSTANCE, hndl: 0x245e02a2e80, name: ?)
[2024-09-08T22:36:17Z INFO  wgpu_hal::vulkan::instance] GENERAL [Loader Message (0x0)]
    	Located json file "C:\VulkanSDK\1.3.275.0\Bin\VkLayer_khronos_shader_object.json" from registry "HKEY_LOCAL_MACHINE\SOFTWARE\Khronos\Vulkan\ExplicitLayers"
[2024-09-08T22:36:17Z INFO  wgpu_hal::vulkan::instance] 	objects: (type: INSTANCE, hndl: 0x245e02a2e80, name: ?)
[2024-09-08T22:36:17Z INFO  wgpu_hal::vulkan::instance] GENERAL [Loader Message (0x0)]
    	Found manifest file C:\VulkanSDK\1.3.275.0\Bin\VkLayer_api_dump.json (file version 1.2.0)
[2024-09-08T22:36:17Z INFO  wgpu_hal::vulkan::instance] 	objects: (type: INSTANCE, hndl: 0x245e02a2e80, name: ?)
[2024-09-08T22:36:17Z INFO  wgpu_hal::vulkan::instance] GENERAL [Loader Message (0x0)]
    	Found manifest file C:\VulkanSDK\1.3.275.0\Bin\VkLayer_gfxreconstruct.json (file version 1.2.0)
[2024-09-08T22:36:17Z INFO  wgpu_hal::vulkan::instance] 	objects: (type: INSTANCE, hndl: 0x245e02a2e80, name: ?)
[2024-09-08T22:36:17Z INFO  wgpu_hal::vulkan::instance] GENERAL [Loader Message (0x0)]
    	Found manifest file C:\VulkanSDK\1.3.275.0\Bin\VkLayer_khronos_synchronization2.json (file version 1.2.0)
[2024-09-08T22:36:17Z INFO  wgpu_hal::vulkan::instance] 	objects: (type: INSTANCE, hndl: 0x245e02a2e80, name: ?)
[2024-09-08T22:36:17Z INFO  wgpu_hal::vulkan::instance] GENERAL [Loader Message (0x0)]
    	Found manifest file C:\VulkanSDK\1.3.275.0\Bin\VkLayer_khronos_validation.json (file version 1.2.0)
[2024-09-08T22:36:17Z INFO  wgpu_hal::vulkan::instance] 	objects: (type: INSTANCE, hndl: 0x245e02a2e80, name: ?)
[2024-09-08T22:36:17Z INFO  wgpu_hal::vulkan::instance] GENERAL [Loader Message (0x0)]
    	Found manifest file C:\VulkanSDK\1.3.275.0\Bin\VkLayer_monitor.json (file version 1.0.0)
[2024-09-08T22:36:17Z INFO  wgpu_hal::vulkan::instance] 	objects: (type: INSTANCE, hndl: 0x245e02a2e80, name: ?)
[2024-09-08T22:36:17Z INFO  wgpu_hal::vulkan::instance] GENERAL [Loader Message (0x0)]
    	Found manifest file C:\VulkanSDK\1.3.275.0\Bin\VkLayer_screenshot.json (file version 1.2.0)
[2024-09-08T22:36:17Z INFO  wgpu_hal::vulkan::instance] 	objects: (type: INSTANCE, hndl: 0x245e02a2e80, name: ?)
[2024-09-08T22:36:17Z INFO  wgpu_hal::vulkan::instance] GENERAL [Loader Message (0x0)]
    	Found manifest file C:\VulkanSDK\1.3.275.0\Bin\VkLayer_khronos_profiles.json (file version 1.2.1)
[2024-09-08T22:36:17Z INFO  wgpu_hal::vulkan::instance] 	objects: (type: INSTANCE, hndl: 0x245e02a2e80, name: ?)
[2024-09-08T22:36:17Z INFO  wgpu_hal::vulkan::instance] GENERAL [Loader Message (0x0)]
    	Found manifest file C:\VulkanSDK\1.3.275.0\Bin\VkLayer_khronos_shader_object.json (file version 1.2.0)
[2024-09-08T22:36:17Z INFO  wgpu_hal::vulkan::instance] 	objects: (type: INSTANCE, hndl: 0x245e02a2e80, name: ?)
[2024-09-08T22:36:17Z INFO  wgpu_hal::vulkan::instance] GENERAL [Loader Message (0x0)]
    	windows_get_app_package_manifest_path: Failed to find mapping layers packages by family name
[2024-09-08T22:36:17Z INFO  wgpu_hal::vulkan::instance] 	objects: (type: INSTANCE, hndl: 0x245e02a2e80, name: ?)
[2024-09-08T22:36:17Z INFO  wgpu_hal::vulkan::instance] GENERAL [Loader Message (0x0)]
    	Checking for Driver Manifest files in Registry at HKEY_LOCAL_MACHINE\SOFTWARE\Khronos\Vulkan\Drivers
[2024-09-08T22:36:17Z INFO  wgpu_hal::vulkan::instance] 	objects: (type: INSTANCE, hndl: 0x245e02a2e80, name: ?)
[2024-09-08T22:36:17Z INFO  wgpu_hal::vulkan::instance] GENERAL [Loader Message (0x0)]
    	windows_add_json_entry: Located json file "C:\Windows\System32\DriverStore\FileRepository\nvmdui.inf_amd64_971eb59572f5d1ef\nv-vk64.json" from PnP registry: E
[2024-09-08T22:36:17Z INFO  wgpu_hal::vulkan::instance] 	objects: (type: INSTANCE, hndl: 0x245e02a2e80, name: ?)
[2024-09-08T22:36:17Z INFO  wgpu_hal::vulkan::instance] GENERAL [Loader Message (0x0)]
    	Found no registry files in HKEY_LOCAL_MACHINE\SOFTWARE\Khronos\Vulkan\Drivers
[2024-09-08T22:36:17Z INFO  wgpu_hal::vulkan::instance] 	objects: (type: INSTANCE, hndl: 0x245e02a2e80, name: ?)
[2024-09-08T22:36:17Z INFO  wgpu_hal::vulkan::instance] GENERAL [Loader Message (0x0)]
    	Found ICD manifest file C:\Windows\System32\DriverStore\FileRepository\nvmdui.inf_amd64_971eb59572f5d1ef\nv-vk64.json, version 1.0.0
[2024-09-08T22:36:17Z INFO  wgpu_hal::vulkan::instance] 	objects: (type: INSTANCE, hndl: 0x245e02a2e80, name: ?)
[2024-09-08T22:36:17Z INFO  wgpu_hal::vulkan::instance] GENERAL [Loader Message (0x0)]
    	Insert instance layer "VK_LAYER_KHRONOS_validation" (C:\VulkanSDK\1.3.275.0\Bin\.\VkLayer_khronos_validation.dll)
[2024-09-08T22:36:17Z INFO  wgpu_hal::vulkan::instance] 	objects: (type: INSTANCE, hndl: 0x245e02a2e80, name: ?)
[2024-09-08T22:36:17Z INFO  wgpu_hal::vulkan::instance] GENERAL [Loader Message (0x0)]
    	Insert instance layer "VK_LAYER_OBS_HOOK" (C:\ProgramData\obs-studio-hook\.\graphics-hook64.dll)
[2024-09-08T22:36:17Z INFO  wgpu_hal::vulkan::instance] 	objects: (type: INSTANCE, hndl: 0x245e02a2e80, name: ?)
[2024-09-08T22:36:17Z INFO  wgpu_hal::vulkan::instance] GENERAL [Loader Message (0x0)]
    	Insert instance layer "VK_LAYER_NV_optimus" (C:\Windows\System32\DriverStore\FileRepository\nvmdui.inf_amd64_971eb59572f5d1ef\.\nvoglv64.dll)
[2024-09-08T22:36:17Z INFO  wgpu_hal::vulkan::instance] 	objects: (type: INSTANCE, hndl: 0x245e02a2e80, name: ?)
[2024-09-08T22:36:17Z INFO  wgpu_hal::vulkan::instance] GENERAL [Loader Message (0x0)]
    	vkCreateInstance layer callstack setup to:
[2024-09-08T22:36:17Z INFO  wgpu_hal::vulkan::instance] 	objects: (type: INSTANCE, hndl: 0x245e02a2e80, name: ?)
[2024-09-08T22:36:17Z INFO  wgpu_hal::vulkan::instance] GENERAL [Loader Message (0x0)]
    	   <Application>
[2024-09-08T22:36:17Z INFO  wgpu_hal::vulkan::instance] 	objects: (type: INSTANCE, hndl: 0x245e02a2e80, name: ?)
[2024-09-08T22:36:17Z INFO  wgpu_hal::vulkan::instance] GENERAL [Loader Message (0x0)]
    	     ||
[2024-09-08T22:36:17Z INFO  wgpu_hal::vulkan::instance] 	objects: (type: INSTANCE, hndl: 0x245e02a2e80, name: ?)
[2024-09-08T22:36:17Z INFO  wgpu_hal::vulkan::instance] GENERAL [Loader Message (0x0)]
    	   <Loader>
[2024-09-08T22:36:17Z INFO  wgpu_hal::vulkan::instance] 	objects: (type: INSTANCE, hndl: 0x245e02a2e80, name: ?)
[2024-09-08T22:36:17Z INFO  wgpu_hal::vulkan::instance] GENERAL [Loader Message (0x0)]
    	     ||
[2024-09-08T22:36:17Z INFO  wgpu_hal::vulkan::instance] 	objects: (type: INSTANCE, hndl: 0x245e02a2e80, name: ?)
[2024-09-08T22:36:17Z INFO  wgpu_hal::vulkan::instance] GENERAL [Loader Message (0x0)]
    	   VK_LAYER_NV_optimus
[2024-09-08T22:36:17Z INFO  wgpu_hal::vulkan::instance] 	objects: (type: INSTANCE, hndl: 0x245e02a2e80, name: ?)
[2024-09-08T22:36:17Z INFO  wgpu_hal::vulkan::instance] GENERAL [Loader Message (0x0)]
    	           Type: Implicit
[2024-09-08T22:36:17Z INFO  wgpu_hal::vulkan::instance] 	objects: (type: INSTANCE, hndl: 0x245e02a2e80, name: ?)
[2024-09-08T22:36:17Z INFO  wgpu_hal::vulkan::instance] GENERAL [Loader Message (0x0)]
    	               Disable Env Var:  DISABLE_LAYER_NV_OPTIMUS_1
[2024-09-08T22:36:17Z INFO  wgpu_hal::vulkan::instance] 	objects: (type: INSTANCE, hndl: 0x245e02a2e80, name: ?)
[2024-09-08T22:36:17Z INFO  wgpu_hal::vulkan::instance] GENERAL [Loader Message (0x0)]
    	           Manifest: C:\Windows\System32\DriverStore\FileRepository\nvmdui.inf_amd64_971eb59572f5d1ef\nv-vk64.json
[2024-09-08T22:36:17Z INFO  wgpu_hal::vulkan::instance] 	objects: (type: INSTANCE, hndl: 0x245e02a2e80, name: ?)
[2024-09-08T22:36:17Z INFO  wgpu_hal::vulkan::instance] GENERAL [Loader Message (0x0)]
    	           Library:  C:\Windows\System32\DriverStore\FileRepository\nvmdui.inf_amd64_971eb59572f5d1ef\.\nvoglv64.dll
[2024-09-08T22:36:17Z INFO  wgpu_hal::vulkan::instance] 	objects: (type: INSTANCE, hndl: 0x245e02a2e80, name: ?)
[2024-09-08T22:36:17Z INFO  wgpu_hal::vulkan::instance] GENERAL [Loader Message (0x0)]
    	     ||
[2024-09-08T22:36:17Z INFO  wgpu_hal::vulkan::instance] 	objects: (type: INSTANCE, hndl: 0x245e02a2e80, name: ?)
[2024-09-08T22:36:17Z INFO  wgpu_hal::vulkan::instance] GENERAL [Loader Message (0x0)]
    	   VK_LAYER_OBS_HOOK
[2024-09-08T22:36:17Z INFO  wgpu_hal::vulkan::instance] 	objects: (type: INSTANCE, hndl: 0x245e02a2e80, name: ?)
[2024-09-08T22:36:17Z INFO  wgpu_hal::vulkan::instance] GENERAL [Loader Message (0x0)]
    	           Type: Implicit
[2024-09-08T22:36:17Z INFO  wgpu_hal::vulkan::instance] 	objects: (type: INSTANCE, hndl: 0x245e02a2e80, name: ?)
[2024-09-08T22:36:17Z INFO  wgpu_hal::vulkan::instance] GENERAL [Loader Message (0x0)]
    	               Disable Env Var:  DISABLE_VULKAN_OBS_CAPTURE
[2024-09-08T22:36:17Z INFO  wgpu_hal::vulkan::instance] 	objects: (type: INSTANCE, hndl: 0x245e02a2e80, name: ?)
[2024-09-08T22:36:17Z INFO  wgpu_hal::vulkan::instance] GENERAL [Loader Message (0x0)]
    	           Manifest: C:\ProgramData\obs-studio-hook\obs-vulkan64.json
[2024-09-08T22:36:17Z INFO  wgpu_hal::vulkan::instance] 	objects: (type: INSTANCE, hndl: 0x245e02a2e80, name: ?)
[2024-09-08T22:36:17Z INFO  wgpu_hal::vulkan::instance] GENERAL [Loader Message (0x0)]
    	           Library:  C:\ProgramData\obs-studio-hook\.\graphics-hook64.dll
[2024-09-08T22:36:17Z INFO  wgpu_hal::vulkan::instance] 	objects: (type: INSTANCE, hndl: 0x245e02a2e80, name: ?)
[2024-09-08T22:36:17Z INFO  wgpu_hal::vulkan::instance] GENERAL [Loader Message (0x0)]
    	     ||
[2024-09-08T22:36:17Z INFO  wgpu_hal::vulkan::instance] 	objects: (type: INSTANCE, hndl: 0x245e02a2e80, name: ?)
[2024-09-08T22:36:17Z INFO  wgpu_hal::vulkan::instance] GENERAL [Loader Message (0x0)]
    	   VK_LAYER_KHRONOS_validation
[2024-09-08T22:36:17Z INFO  wgpu_hal::vulkan::instance] 	objects: (type: INSTANCE, hndl: 0x245e02a2e80, name: ?)
[2024-09-08T22:36:17Z INFO  wgpu_hal::vulkan::instance] GENERAL [Loader Message (0x0)]
    	           Type: Explicit
[2024-09-08T22:36:17Z INFO  wgpu_hal::vulkan::instance] 	objects: (type: INSTANCE, hndl: 0x245e02a2e80, name: ?)
[2024-09-08T22:36:17Z INFO  wgpu_hal::vulkan::instance] GENERAL [Loader Message (0x0)]
    	           Manifest: C:\VulkanSDK\1.3.275.0\Bin\VkLayer_khronos_validation.json
[2024-09-08T22:36:17Z INFO  wgpu_hal::vulkan::instance] 	objects: (type: INSTANCE, hndl: 0x245e02a2e80, name: ?)
[2024-09-08T22:36:17Z INFO  wgpu_hal::vulkan::instance] GENERAL [Loader Message (0x0)]
    	           Library:  C:\VulkanSDK\1.3.275.0\Bin\.\VkLayer_khronos_validation.dll
[2024-09-08T22:36:17Z INFO  wgpu_hal::vulkan::instance] 	objects: (type: INSTANCE, hndl: 0x245e02a2e80, name: ?)
[2024-09-08T22:36:17Z INFO  wgpu_hal::vulkan::instance] GENERAL [Loader Message (0x0)]
    	     ||
[2024-09-08T22:36:17Z INFO  wgpu_hal::vulkan::instance] 	objects: (type: INSTANCE, hndl: 0x245e02a2e80, name: ?)
[2024-09-08T22:36:17Z INFO  wgpu_hal::vulkan::instance] GENERAL [Loader Message (0x0)]
    	   <Drivers>
[2024-09-08T22:36:17Z INFO  wgpu_hal::vulkan::instance] 	objects: (type: INSTANCE, hndl: 0x245e02a2e80, name: ?)
[2024-09-08T22:36:17Z INFO  wgpu_hal::vulkan::instance] VALIDATION [WARNING-CreateInstance-status-message (0x23dfd876)]
    	Validation Information: [ WARNING-CreateInstance-status-message ] Object 0: handle = 0x245e02a2e80, type = VK_OBJECT_TYPE_INSTANCE; | MessageID = 0x23dfd876 | vkCreateInstance():  Khronos Validation Layer Active:
        Settings File: None. Default location is C:\Users\assassin\Development\Pregen\vk_layer_settings.txt.
        Current Enables: VK_VALIDATION_FEATURE_ENABLE_SYNCHRONIZATION_VALIDATION.
        Current Disables: None.
    
[2024-09-08T22:36:17Z INFO  wgpu_hal::vulkan::instance] 	objects: (type: INSTANCE, hndl: 0x245e02a2e80, name: ?)
[2024-09-08T22:36:17Z INFO  wgpu_hal::vulkan::instance] Enabling debug utils
[2024-09-08T22:36:18Z INFO  wgpu_core::instance] Adapter Vulkan AdapterInfo { name: "NVIDIA GeForce RTX 4090", vendor: 4318, device: 9860, device_type: DiscreteGpu, driver: "NVIDIA", driver_info: "555.85", backend: Vulkan }
[2024-09-08T22:36:18Z INFO  wgpu_hal::vulkan::instance] GENERAL [Loader Message (0x0)]
    	Inserted device layer "VK_LAYER_KHRONOS_validation" (C:\VulkanSDK\1.3.275.0\Bin\.\VkLayer_khronos_validation.dll)
[2024-09-08T22:36:18Z INFO  wgpu_hal::vulkan::instance] 	objects: (type: INSTANCE, hndl: 0x245e02a2e80, name: ?)
[2024-09-08T22:36:18Z INFO  wgpu_hal::vulkan::instance] GENERAL [Loader Message (0x0)]
    	Inserted device layer "VK_LAYER_OBS_HOOK" (C:\ProgramData\obs-studio-hook\.\graphics-hook64.dll)
[2024-09-08T22:36:18Z INFO  wgpu_hal::vulkan::instance] 	objects: (type: INSTANCE, hndl: 0x245e02a2e80, name: ?)
[2024-09-08T22:36:18Z INFO  wgpu_hal::vulkan::instance] GENERAL [Loader Message (0x0)]
    	Inserted device layer "VK_LAYER_NV_optimus" (C:\Windows\System32\DriverStore\FileRepository\nvmdui.inf_amd64_971eb59572f5d1ef\.\nvoglv64.dll)
[2024-09-08T22:36:18Z INFO  wgpu_hal::vulkan::instance] 	objects: (type: INSTANCE, hndl: 0x245e02a2e80, name: ?)
[2024-09-08T22:36:18Z INFO  wgpu_hal::vulkan::instance] GENERAL [Loader Message (0x0)]
    	vkCreateDevice layer callstack setup to:
[2024-09-08T22:36:18Z INFO  wgpu_hal::vulkan::instance] 	objects: (type: INSTANCE, hndl: 0x245e02a2e80, name: ?)
[2024-09-08T22:36:18Z INFO  wgpu_hal::vulkan::instance] GENERAL [Loader Message (0x0)]
    	   <Application>
[2024-09-08T22:36:18Z INFO  wgpu_hal::vulkan::instance] 	objects: (type: INSTANCE, hndl: 0x245e02a2e80, name: ?)
[2024-09-08T22:36:18Z INFO  wgpu_hal::vulkan::instance] GENERAL [Loader Message (0x0)]
    	     ||
[2024-09-08T22:36:18Z INFO  wgpu_hal::vulkan::instance] 	objects: (type: INSTANCE, hndl: 0x245e02a2e80, name: ?)
[2024-09-08T22:36:18Z INFO  wgpu_hal::vulkan::instance] GENERAL [Loader Message (0x0)]
    	   <Loader>
[2024-09-08T22:36:18Z INFO  wgpu_hal::vulkan::instance] 	objects: (type: INSTANCE, hndl: 0x245e02a2e80, name: ?)
[2024-09-08T22:36:18Z INFO  wgpu_hal::vulkan::instance] GENERAL [Loader Message (0x0)]
    	     ||
[2024-09-08T22:36:18Z INFO  wgpu_hal::vulkan::instance] 	objects: (type: INSTANCE, hndl: 0x245e02a2e80, name: ?)
[2024-09-08T22:36:18Z INFO  wgpu_hal::vulkan::instance] GENERAL [Loader Message (0x0)]
    	   VK_LAYER_NV_optimus
[2024-09-08T22:36:18Z INFO  wgpu_hal::vulkan::instance] 	objects: (type: INSTANCE, hndl: 0x245e02a2e80, name: ?)
[2024-09-08T22:36:18Z INFO  wgpu_hal::vulkan::instance] GENERAL [Loader Message (0x0)]
    	           Type: Implicit
[2024-09-08T22:36:18Z INFO  wgpu_hal::vulkan::instance] 	objects: (type: INSTANCE, hndl: 0x245e02a2e80, name: ?)
[2024-09-08T22:36:18Z INFO  wgpu_hal::vulkan::instance] GENERAL [Loader Message (0x0)]
    	               Disable Env Var:  DISABLE_LAYER_NV_OPTIMUS_1
[2024-09-08T22:36:18Z INFO  wgpu_hal::vulkan::instance] 	objects: (type: INSTANCE, hndl: 0x245e02a2e80, name: ?)
[2024-09-08T22:36:18Z INFO  wgpu_hal::vulkan::instance] GENERAL [Loader Message (0x0)]
    	           Manifest: C:\Windows\System32\DriverStore\FileRepository\nvmdui.inf_amd64_971eb59572f5d1ef\nv-vk64.json
[2024-09-08T22:36:18Z INFO  wgpu_hal::vulkan::instance] 	objects: (type: INSTANCE, hndl: 0x245e02a2e80, name: ?)
[2024-09-08T22:36:18Z INFO  wgpu_hal::vulkan::instance] GENERAL [Loader Message (0x0)]
    	           Library:  C:\Windows\System32\DriverStore\FileRepository\nvmdui.inf_amd64_971eb59572f5d1ef\.\nvoglv64.dll
[2024-09-08T22:36:18Z INFO  wgpu_hal::vulkan::instance] 	objects: (type: INSTANCE, hndl: 0x245e02a2e80, name: ?)
[2024-09-08T22:36:18Z INFO  wgpu_hal::vulkan::instance] GENERAL [Loader Message (0x0)]
    	     ||
[2024-09-08T22:36:18Z INFO  wgpu_hal::vulkan::instance] 	objects: (type: INSTANCE, hndl: 0x245e02a2e80, name: ?)
[2024-09-08T22:36:18Z INFO  wgpu_hal::vulkan::instance] GENERAL [Loader Message (0x0)]
    	   VK_LAYER_OBS_HOOK
[2024-09-08T22:36:18Z INFO  wgpu_hal::vulkan::instance] 	objects: (type: INSTANCE, hndl: 0x245e02a2e80, name: ?)
[2024-09-08T22:36:18Z INFO  wgpu_hal::vulkan::instance] GENERAL [Loader Message (0x0)]
    	           Type: Implicit
[2024-09-08T22:36:18Z INFO  wgpu_hal::vulkan::instance] 	objects: (type: INSTANCE, hndl: 0x245e02a2e80, name: ?)
[2024-09-08T22:36:18Z INFO  wgpu_hal::vulkan::instance] GENERAL [Loader Message (0x0)]
    	               Disable Env Var:  DISABLE_VULKAN_OBS_CAPTURE
[2024-09-08T22:36:18Z INFO  wgpu_hal::vulkan::instance] 	objects: (type: INSTANCE, hndl: 0x245e02a2e80, name: ?)
[2024-09-08T22:36:18Z INFO  wgpu_hal::vulkan::instance] GENERAL [Loader Message (0x0)]
    	           Manifest: C:\ProgramData\obs-studio-hook\obs-vulkan64.json
[2024-09-08T22:36:18Z INFO  wgpu_hal::vulkan::instance] 	objects: (type: INSTANCE, hndl: 0x245e02a2e80, name: ?)
[2024-09-08T22:36:18Z INFO  wgpu_hal::vulkan::instance] GENERAL [Loader Message (0x0)]
    	           Library:  C:\ProgramData\obs-studio-hook\.\graphics-hook64.dll
[2024-09-08T22:36:18Z INFO  wgpu_hal::vulkan::instance] 	objects: (type: INSTANCE, hndl: 0x245e02a2e80, name: ?)
[2024-09-08T22:36:18Z INFO  wgpu_hal::vulkan::instance] GENERAL [Loader Message (0x0)]
    	     ||
[2024-09-08T22:36:18Z INFO  wgpu_hal::vulkan::instance] 	objects: (type: INSTANCE, hndl: 0x245e02a2e80, name: ?)
[2024-09-08T22:36:18Z INFO  wgpu_hal::vulkan::instance] GENERAL [Loader Message (0x0)]
    	   VK_LAYER_KHRONOS_validation
[2024-09-08T22:36:18Z INFO  wgpu_hal::vulkan::instance] 	objects: (type: INSTANCE, hndl: 0x245e02a2e80, name: ?)
[2024-09-08T22:36:18Z INFO  wgpu_hal::vulkan::instance] GENERAL [Loader Message (0x0)]
    	           Type: Explicit
[2024-09-08T22:36:18Z INFO  wgpu_hal::vulkan::instance] 	objects: (type: INSTANCE, hndl: 0x245e02a2e80, name: ?)
[2024-09-08T22:36:18Z INFO  wgpu_hal::vulkan::instance] GENERAL [Loader Message (0x0)]
    	           Manifest: C:\VulkanSDK\1.3.275.0\Bin\VkLayer_khronos_validation.json
[2024-09-08T22:36:18Z INFO  wgpu_hal::vulkan::instance] 	objects: (type: INSTANCE, hndl: 0x245e02a2e80, name: ?)
[2024-09-08T22:36:18Z INFO  wgpu_hal::vulkan::instance] GENERAL [Loader Message (0x0)]
    	           Library:  C:\VulkanSDK\1.3.275.0\Bin\.\VkLayer_khronos_validation.dll
[2024-09-08T22:36:18Z INFO  wgpu_hal::vulkan::instance] 	objects: (type: INSTANCE, hndl: 0x245e02a2e80, name: ?)
[2024-09-08T22:36:18Z INFO  wgpu_hal::vulkan::instance] GENERAL [Loader Message (0x0)]
    	     ||
[2024-09-08T22:36:18Z INFO  wgpu_hal::vulkan::instance] 	objects: (type: INSTANCE, hndl: 0x245e02a2e80, name: ?)
[2024-09-08T22:36:18Z INFO  wgpu_hal::vulkan::instance] GENERAL [Loader Message (0x0)]
    	   <Device>
[2024-09-08T22:36:18Z INFO  wgpu_hal::vulkan::instance] 	objects: (type: INSTANCE, hndl: 0x245e02a2e80, name: ?)
[2024-09-08T22:36:18Z INFO  wgpu_hal::vulkan::instance] GENERAL [Loader Message (0x0)]
    	       Using "NVIDIA GeForce RTX 4090" with driver: "C:\Windows\System32\DriverStore\FileRepository\nvmdui.inf_amd64_971eb59572f5d1ef\.\nvoglv64.dll"
[2024-09-08T22:36:18Z INFO  wgpu_hal::vulkan::instance] 	objects: (type: INSTANCE, hndl: 0x245e02a2e80, name: ?)
[2024-09-08T22:36:18Z INFO  wgpu_core::device::resource] Device::maintain: waiting for submission index 0
[src/main.rs:139:5] &context = RenderContext {
    queue: Queue {
        context: ContextWgpuCore {
            type: "Native",
        },
        id: ObjectId {
            id: Some(
                2305843013508661248,
            ),
            global_id: Some(
                2305843013508661248,
            ),
        },
        data: Any { .. },
    },
    device: Device {
        context: ContextWgpuCore {
            type: "Native",
        },
        id: ObjectId {
            id: Some(
                2305843013508661248,
            ),
            global_id: Some(
                2305843013508661248,
            ),
        },
        data: Any { .. },
    },
    adapter: Adapter {
        context: ContextWgpuCore {
            type: "Native",
        },
        id: ObjectId {
            id: Some(
                2305843013508661248,
            ),
            global_id: Some(
                2305843013508661248,
            ),
        },
        data: Any { .. },
    },
    instance: Instance {
        context: ContextWgpuCore {
            type: "Native",
        },
    },
    surface: Surface {
        context: ContextWgpuCore {
            type: "Native",
        },
        _handle_source: "Some",
        id: ObjectId {
            id: Some(
                4294967296,
            ),
            global_id: Some(
                4294967296,
            ),
        },
        data: Any { .. },
        config: Mutex {
            data: Some(
                SurfaceConfiguration {
                    usage: TextureUsages(
                        RENDER_ATTACHMENT,
                    ),
                    format: Bgra8UnormSrgb,
                    width: 800,
                    height: 800,
                    present_mode: Immediate,
                    desired_maximum_frame_latency: 1,
                    alpha_mode: Opaque,
                    view_formats: [
                        Bgra8UnormSrgb,
                        Bgra8Unorm,
                    ],
                },
            ),
        },
    },
    config: SurfaceConfiguration {
        usage: TextureUsages(
            RENDER_ATTACHMENT,
        ),
        format: Bgra8UnormSrgb,
        width: 800,
        height: 800,
        present_mode: Immediate,
        desired_maximum_frame_latency: 1,
        alpha_mode: Opaque,
        view_formats: [
            Bgra8UnormSrgb,
            Bgra8Unorm,
        ],
    },
}
[src/main.rs:142:5] &target = RenderTarget {
    name: "Test Target",
    format: Bgra8UnormSrgb,
    width: 800,
    height: 800,
}
[src/main.rs:144:5] &texture = Texture {
    name: "Test Texture",
    format: Rgba8Unorm,
    width: 1024,
    height: 1024,
    mip_map_levels: 5,
    data: 5586944 bytes,
}
[src/main.rs:146:5] &depth_texture = RenderTarget {
    name: "Depth Texture",
    format: Depth32Float,
    width: 800,
    height: 800,
}
[src/main.rs:148:5] &null_texture = Texture {
    name: "Unnamed Texture",
    format: Rgba8Unorm,
    width: 1,
    height: 1,
    mip_map_levels: 1,
    data: 4 bytes,
}
[src/main.rs:150:5] &mesh = Geometry {
    name: "Test Mesh",
    indices: 18,
    vertices: 5,
}
[src/main.rs:34:5] &pap = None
